0 info it worked if it ends with ok
1 verbose cli [ 'd:\\Program Files\\nodejs\\node.exe',
1 verbose cli   'd:\\Program Files\\nodejs\\node_modules\\npm\\bin\\npm-cli.js',
1 verbose cli   'install',
1 verbose cli   'gunt-contrib-concat',
1 verbose cli   '--save-dev' ]
2 info using npm@1.4.28
3 info using node@v0.10.33
4 warn package.json calendar@1.0.0 No repository field.
5 verbose readDependencies using package.json deps
6 verbose cache add [ 'gunt-contrib-concat', null ]
7 verbose cache add name=undefined spec="gunt-contrib-concat" args=["gunt-contrib-concat",null]
8 verbose parsed url { protocol: null,
8 verbose parsed url   slashes: null,
8 verbose parsed url   auth: null,
8 verbose parsed url   host: null,
8 verbose parsed url   port: null,
8 verbose parsed url   hostname: null,
8 verbose parsed url   hash: null,
8 verbose parsed url   search: null,
8 verbose parsed url   query: null,
8 verbose parsed url   pathname: 'gunt-contrib-concat',
8 verbose parsed url   path: 'gunt-contrib-concat',
8 verbose parsed url   href: 'gunt-contrib-concat' }
9 silly lockFile 84ca699b-gunt-contrib-concat gunt-contrib-concat
10 verbose lock gunt-contrib-concat C:\Users\winner\AppData\Roaming\npm-cache\84ca699b-gunt-contrib-concat.lock
11 silly lockFile 84ca699b-gunt-contrib-concat gunt-contrib-concat
12 silly lockFile 84ca699b-gunt-contrib-concat gunt-contrib-concat
13 verbose addNamed [ 'gunt-contrib-concat', '' ]
14 verbose addNamed [ null, '*' ]
15 silly lockFile f24a6125-gunt-contrib-concat gunt-contrib-concat@
16 verbose lock gunt-contrib-concat@ C:\Users\winner\AppData\Roaming\npm-cache\f24a6125-gunt-contrib-concat.lock
17 silly addNameRange { name: 'gunt-contrib-concat', range: '*', hasData: false }
18 verbose request where is /gunt-contrib-concat
19 verbose request registry https://registry.npmjs.org/
20 verbose request id 31fa6a8661c812b0
21 verbose url raw /gunt-contrib-concat
22 verbose url resolving [ 'https://registry.npmjs.org/', './gunt-contrib-concat' ]
23 verbose url resolved https://registry.npmjs.org/gunt-contrib-concat
24 verbose request where is https://registry.npmjs.org/gunt-contrib-concat
25 info trying registry request attempt 1 at 20:35:25
26 http GET https://registry.npmjs.org/gunt-contrib-concat
27 http 404 https://registry.npmjs.org/gunt-contrib-concat
28 verbose headers { date: 'Sun, 15 Mar 2015 12:35:28 GMT',
28 verbose headers   server: 'CouchDB/1.5.0 (Erlang OTP/R16B03)',
28 verbose headers   'content-type': 'application/json',
28 verbose headers   'cache-control': 'max-age=0',
28 verbose headers   'content-length': '51',
28 verbose headers   'accept-ranges': 'bytes',
28 verbose headers   via: '1.1 varnish',
28 verbose headers   age: '0',
28 verbose headers   'x-served-by': 'cache-nrt6130-NRT',
28 verbose headers   'x-cache': 'MISS',
28 verbose headers   'x-cache-hits': '0',
28 verbose headers   'x-timer': 'S1426422927.890850,VS0,VE410',
28 verbose headers   'keep-alive': 'timeout=10, max=50',
28 verbose headers   connection: 'Keep-Alive' }
29 silly registry.get cb [ 404,
29 silly registry.get   { date: 'Sun, 15 Mar 2015 12:35:28 GMT',
29 silly registry.get     server: 'CouchDB/1.5.0 (Erlang OTP/R16B03)',
29 silly registry.get     'content-type': 'application/json',
29 silly registry.get     'cache-control': 'max-age=0',
29 silly registry.get     'content-length': '51',
29 silly registry.get     'accept-ranges': 'bytes',
29 silly registry.get     via: '1.1 varnish',
29 silly registry.get     age: '0',
29 silly registry.get     'x-served-by': 'cache-nrt6130-NRT',
29 silly registry.get     'x-cache': 'MISS',
29 silly registry.get     'x-cache-hits': '0',
29 silly registry.get     'x-timer': 'S1426422927.890850,VS0,VE410',
29 silly registry.get     'keep-alive': 'timeout=10, max=50',
29 silly registry.get     connection: 'Keep-Alive' } ]
30 silly lockFile f24a6125-gunt-contrib-concat gunt-contrib-concat@
31 silly lockFile f24a6125-gunt-contrib-concat gunt-contrib-concat@
32 error 404 404 Not Found: gunt-contrib-concat
32 error 404
32 error 404 'gunt-contrib-concat' is not in the npm registry.
32 error 404 You should bug the author to publish it
32 error 404 It was specified as a dependency of 'calendar'
32 error 404
32 error 404 Note that you can also install from a
32 error 404 tarball, folder, or http url, or git url.
33 error System Windows_NT 6.1.7601
34 error command "d:\\Program Files\\nodejs\\node.exe" "d:\\Program Files\\nodejs\\node_modules\\npm\\bin\\npm-cli.js" "install" "gunt-contrib-concat" "--save-dev"
35 error cwd e:\txb\SkyDrive\组件\calendar\calendar
36 error node -v v0.10.33
37 error npm -v 1.4.28
38 error code E404
39 verbose exit [ 1, true ]
